#
# A fatal error has been detected by the Java Runtime Environment:
#
#  EXCEPTION_ACCESS_VIOLATION (0xc0000005) at pc=0x000000006a4e6d1b, pid=5952, tid=0x0000000000000f94
#
# JRE version: Java(TM) SE Runtime Environment (8.0_121-b13) (build 1.8.0_121-b13)
# Java VM: Java HotSpot(TM) 64-Bit Server VM (25.121-b13 mixed mode windows-amd64 compressed oops)
# Problematic frame:
# V  [jvm.dll+0x466d1b]
#
# Failed to write core dump. Minidumps are not enabled by default on client versions of Windows
#
# If you would like to submit a bug report, please visit:
#   http://bugreport.java.com/bugreport/crash.jsp
#

---------------  T H R E A D  ---------------

Current thread (0x0000000056258800):  JavaThread "C2 CompilerThread0" daemon [_thread_in_native, id=3988, stack(0x00000000579f0000,0x0000000057af0000)]

siginfo: ExceptionCode=0xc0000005, reading address 0x000000005a050a60

Registers:
RAX=0x0000000000000001, RBX=0x000000005dfed190, RCX=0x0000000057aec710, RDX=0x00000000005b0000
RSP=0x0000000057aec290, RBP=0x0000000057aec2f0, RSI=0x0000000000000000, RDI=0x0000000057aec710
R8 =0x0000000058990a60, R9 =0x0000000000000000, R10=0x0000000000000000, R11=0x0000000000000000
R12=0x000000005dfed190, R13=0x0000000000007530, R14=0x000000006a080000, R15=0x0000000000000000
RIP=0x000000006a4e6d1b, EFLAGS=0x0000000000010246

Top of Stack: (sp=0x0000000057aec290)
0x0000000057aec290:   0000000062675710 00000000625c9ff0
0x0000000057aec2a0:   0000000057aec710 0000000057aec420
0x0000000057aec2b0:   00000a9e00000000 0000000000000008
0x0000000057aec2c0:   000000005c3bfcc0 0000000000000020
0x0000000057aec2d0:   0000000059f27ed0 0000000000000020
0x0000000057aec2e0:   00000000625ca090 0000000059f293d0
0x0000000057aec2f0:   ffffffffffffffff 0000000000000000
0x0000000057aec300:   0000000057aec710 000000006a4e7107
0x0000000057aec310:   000000005dfed190 000000005dfed190
0x0000000057aec320:   000000000006a040 000000000006a040
0x0000000057aec330:   00000a9e00000000 0000000000000008
0x0000000057aec340:   000000005c3bfcc0 0000000000000020
0x0000000057aec350:   0000000059f27ed0 0000000000000020
0x0000000057aec360:   00000000625ca090 0000000000000000
0x0000000057aec370:   0000000057fd4968 0000000000000000
0x0000000057aec380:   00000000000003d8 0000000057fd4590 

Instructions: (pc=0x000000006a4e6d1b)
0x000000006a4e6cfb:   ca 41 23 c9 3b ca 0f 85 4b ff ff ff 41 8b c1 e9
0x000000006a4e6d0b:   11 02 00 00 49 63 54 24 24 4c 8b 87 08 01 00 00
0x000000006a4e6d1b:   41 8b 1c 90 3b da 74 33 8b cb 48 63 c3 41 8b 1c
0x000000006a4e6d2b:   80 3b d9 75 f3 3b d3 74 20 66 66 66 66 0f 1f 84 


Register to memory mapping:

RAX=0x0000000000000001 is an unknown value
RBX=0x000000005dfed190 is an unknown value
RCX=0x0000000057aec710 is pointing into the stack for thread: 0x0000000056258800
RDX=0x00000000005b0000 is an unknown value
RSP=0x0000000057aec290 is pointing into the stack for thread: 0x0000000056258800
RBP=0x0000000057aec2f0 is pointing into the stack for thread: 0x0000000056258800
RSI=0x0000000000000000 is an unknown value
RDI=0x0000000057aec710 is pointing into the stack for thread: 0x0000000056258800
R8 =0x0000000058990a60 is an unknown value
R9 =0x0000000000000000 is an unknown value
R10=0x0000000000000000 is an unknown value
R11=0x0000000000000000 is an unknown value
R12=0x000000005dfed190 is an unknown value
R13=0x0000000000007530 is an unknown value
R14=0x000000006a080000 is an unknown value
R15=0x0000000000000000 is an unknown value


Stack: [0x00000000579f0000,0x0000000057af0000],  sp=0x0000000057aec290,  free space=1008k
Native frames: (J=compiled Java code, j=interpreted, Vv=VM code, C=native code)
V  [jvm.dll+0x466d1b]
V  [jvm.dll+0x467107]
V  [jvm.dll+0x468c53]
V  [jvm.dll+0x473f5b]
V  [jvm.dll+0x476867]
V  [jvm.dll+0x4591e2]
V  [jvm.dll+0xa5ca2]
V  [jvm.dll+0xa65df]
V  [jvm.dll+0x244e1f]
V  [jvm.dll+0x29c69a]
C  [msvcr100.dll+0x21d9f]
C  [msvcr100.dll+0x21e3b]
C  [kernel32.dll+0x1652d]
C  [ntdll.dll+0x2c521]


Current CompileTask:
C2:  18413 7634       4       com.android.utils.XmlUtils::append (540 bytes)


---------------  P R O C E S S  ---------------

Java Threads: ( => current thread )
  0x0000000059ead800 JavaThread "pool-3-thread-4" [_thread_blocked, id=4728, stack(0x0000000062460000,0x0000000062560000)]
  0x0000000059ead000 JavaThread "pool-3-thread-3" [_thread_blocked, id=3128, stack(0x000000005e990000,0x000000005ea90000)]
  0x0000000059eac000 JavaThread "pool-3-thread-2" [_thread_blocked, id=5344, stack(0x0000000059f30000,0x000000005a030000)]
  0x0000000059eab800 JavaThread "pool-3-thread-1" [_thread_blocked, id=748, stack(0x00000000606d0000,0x00000000607d0000)]
  0x0000000059eaa000 JavaThread "File lock request listener" [_thread_in_native, id=792, stack(0x000000005eb30000,0x000000005ec30000)]
  0x00000000598aa800 JavaThread "Stdin handler" [_thread_blocked, id=5412, stack(0x000000005af20000,0x000000005b020000)]
  0x00000000598a9800 JavaThread "Asynchronous log dispatcher for org.gradle.launcher.daemon.server.DefaultDaemonConnection@58b0534b" [_thread_blocked, id=5852, stack(0x000000005a300000,0x000000005a400000)]
  0x000000005955e000 JavaThread "Daemon worker" [_thread_in_Java, id=1896, stack(0x000000005ab70000,0x000000005ac70000)]
  0x00000000595a8000 JavaThread "Cancel handler" [_thread_blocked, id=3296, stack(0x000000005aa20000,0x000000005ab20000)]
  0x00000000597e0800 JavaThread "Handler for socket connection from /127.0.0.1:57330 to /127.0.0.1:57332" [_thread_in_native, id=3604, stack(0x000000005a910000,0x000000005aa10000)]
  0x00000000593e2800 JavaThread "Daemon" [_thread_blocked, id=1256, stack(0x000000005a7a0000,0x000000005a8a0000)]
  0x0000000059458800 JavaThread "Incoming local TCP Connector on port 57330" [_thread_in_native, id=5656, stack(0x000000005a420000,0x000000005a520000)]
  0x000000005940a000 JavaThread "pool-1-thread-1" [_thread_blocked, id=6040, stack(0x000000005a1d0000,0x000000005a2d0000)]
  0x0000000057ce0800 JavaThread "Service Thread" daemon [_thread_blocked, id=2024, stack(0x00000000584c0000,0x00000000585c0000)]
  0x0000000057c57800 JavaThread "C1 CompilerThread2" daemon [_thread_blocked, id=5620, stack(0x0000000058300000,0x0000000058400000)]
  0x0000000057c50800 JavaThread "C2 CompilerThread1" daemon [_thread_blocked, id=4348, stack(0x00000000580a0000,0x00000000581a0000)]
=>0x0000000056258800 JavaThread "C2 CompilerThread0" daemon [_thread_in_native, id=3988, stack(0x00000000579f0000,0x0000000057af0000)]
  0x0000000056254000 JavaThread "Attach Listener" daemon [_thread_blocked, id=4000, stack(0x0000000057b40000,0x0000000057c40000)]
  0x0000000056252800 JavaThread "Signal Dispatcher" daemon [_thread_blocked, id=4144, stack(0x0000000057890000,0x0000000057990000)]
  0x0000000056239000 JavaThread "Finalizer" daemon [_thread_blocked, id=4688, stack(0x00000000576a0000,0x00000000577a0000)]
  0x00000000561f2000 JavaThread "Reference Handler" daemon [_thread_blocked, id=5428, stack(0x00000000574a0000,0x00000000575a0000)]
  0x000000000028d800 JavaThread "main" [_thread_blocked, id=5660, stack(0x00000000023d0000,0x00000000024d0000)]

Other Threads:
  0x00000000561ea000 VMThread [stack: 0x0000000057260000,0x0000000057360000] [id=1736]
  0x0000000057ce5000 WatcherThread [stack: 0x0000000058660000,0x0000000058760000] [id=4380]

VM state:not at safepoint (normal execution)

VM Mutex/Monitor currently owned by a thread: None

Heap:
 PSYoungGen      total 172032K, used 85796K [0x00000000e0000000, 0x00000000ecf00000, 0x0000000100000000)
  eden space 159744K, 46% used [0x00000000e0000000,0x00000000e47cc948,0x00000000e9c00000)
  from space 12288K, 99% used [0x00000000e9c00000,0x00000000ea7fc6e8,0x00000000ea800000)
  to   space 16384K, 0% used [0x00000000ebf00000,0x00000000ebf00000,0x00000000ecf00000)
 ParOldGen       total 54784K, used 25880K [0x00000000a0000000, 0x00000000a3580000, 0x00000000e0000000)
  object space 54784K, 47% used [0x00000000a0000000,0x00000000a19462d0,0x00000000a3580000)
 Metaspace       used 50715K, capacity 52000K, committed 52224K, reserved 1093632K
  class space    used 6839K, capacity 7138K, committed 7168K, reserved 1048576K

Card table byte_map: [0x0000000011b60000,0x0000000011e70000] byte_map_base: 0x0000000011660000

Marking Bits: (ParMarkBitMap*) 0x000000006a89b6d0
 Begin Bits: [0x0000000012560000, 0x0000000013d60000)
 End Bits:   [0x0000000013d60000, 0x0000000015560000)

Polling page: 0x0000000000230000

CodeCache: size=245760Kb used=23238Kb max_used=23250Kb free=222521Kb
 bounds [0x00000000027a0000, 0x0000000003e70000, 0x00000000117a0000]
 total_blobs=7728 nmethods=7017 adapters=622
 compilation: enabled

Compilation events (10 events):
Event: 18.262 Thread 0x0000000057c57800 7648       3       com.google.common.cache.LocalCache::expiresAfterWrite (15 bytes)
Event: 18.263 Thread 0x0000000057c57800 nmethod 7648 0x0000000003e5a050 code [0x0000000003e5a1a0, 0x0000000003e5a350]
Event: 18.358 Thread 0x0000000057c57800 7650       1       com.google.common.cache.LocalCache$StrongEntry::getNext (5 bytes)
Event: 18.359 Thread 0x0000000057c57800 nmethod 7650 0x0000000003e59d90 code [0x0000000003e59ee0, 0x0000000003e59ff0]
Event: 18.374 Thread 0x0000000057c50800 nmethod 7645 0x0000000003e64350 code [0x0000000003e64600, 0x0000000003e669b0]
Event: 18.374 Thread 0x0000000057c50800 7647       4       com.sun.org.apache.xerces.internal.dom.CoreDocumentImpl::createTextNode (10 bytes)
Event: 18.376 Thread 0x0000000057c50800 nmethod 7647 0x0000000003e59a90 code [0x0000000003e59be0, 0x0000000003e59cd8]
Event: 18.376 Thread 0x0000000057c50800 7649       4       com.sun.org.apache.xerces.internal.impl.XMLDocumentScannerImpl::setFeature (75 bytes)
Event: 18.388 Thread 0x0000000057c50800 nmethod 7649 0x0000000003e5d790 code [0x0000000003e5d900, 0x0000000003e5ded8]
Event: 18.388 Thread 0x0000000057c50800 7646       4       com.google.common.collect.AbstractMapBasedMultimap$WrappedCollection::iterator (13 bytes)

GC Heap History (10 events):
Event: 6.381 GC heap before
{Heap before GC invocations=9 (full 1):
 PSYoungGen      total 73728K, used 73002K [0x00000000e0000000, 0x00000000e8380000, 0x0000000100000000)
  eden space 65536K, 100% used [0x00000000e0000000,0x00000000e4000000,0x00000000e4000000)
  from space 8192K, 91% used [0x00000000e4000000,0x00000000e474ab28,0x00000000e4800000)
  to   space 9216K, 0% used [0x00000000e7a80000,0x00000000e7a80000,0x00000000e8380000)
 ParOldGen       total 33792K, used 8031K [0x00000000a0000000, 0x00000000a2100000, 0x00000000e0000000)
  object space 33792K, 23% used [0x00000000a0000000,0x00000000a07d7ef0,0x00000000a2100000)
 Metaspace       used 27986K, capacity 28436K, committed 28672K, reserved 1073152K
  class space    used 3893K, capacity 4038K, committed 4096K, reserved 1048576K
Event: 6.399 GC heap after
Heap after GC invocations=9 (full 1):
 PSYoungGen      total 120320K, used 5344K [0x00000000e0000000, 0x00000000e8100000, 0x0000000100000000)
  eden space 113664K, 0% used [0x00000000e0000000,0x00000000e0000000,0x00000000e6f00000)
  from space 6656K, 80% used [0x00000000e7a80000,0x00000000e7fb8290,0x00000000e8100000)
  to   space 9216K, 0% used [0x00000000e6f00000,0x00000000e6f00000,0x00000000e7800000)
 ParOldGen       total 33792K, used 8031K [0x00000000a0000000, 0x00000000a2100000, 0x00000000e0000000)
  object space 33792K, 23% used [0x00000000a0000000,0x00000000a07d7ef0,0x00000000a2100000)
 Metaspace       used 27986K, capacity 28436K, committed 28672K, reserved 1073152K
  class space    used 3893K, capacity 4038K, committed 4096K, reserved 1048576K
}
Event: 8.377 GC heap before
{Heap before GC invocations=10 (full 1):
 PSYoungGen      total 120320K, used 114171K [0x00000000e0000000, 0x00000000e8100000, 0x0000000100000000)
  eden space 113664K, 95% used [0x00000000e0000000,0x00000000e6a46b80,0x00000000e6f00000)
  from space 6656K, 80% used [0x00000000e7a80000,0x00000000e7fb8290,0x00000000e8100000)
  to   space 9216K, 0% used [0x00000000e6f00000,0x00000000e6f00000,0x00000000e7800000)
 ParOldGen       total 33792K, used 8031K [0x00000000a0000000, 0x00000000a2100000, 0x00000000e0000000)
  object space 33792K, 23% used [0x00000000a0000000,0x00000000a07d7ef0,0x00000000a2100000)
 Metaspace       used 34518K, capacity 35052K, committed 35456K, reserved 1079296K
  class space    used 4733K, capacity 4881K, committed 4992K, reserved 1048576K
Event: 8.467 GC heap after
Heap after GC invocations=10 (full 1):
 PSYoungGen      total 122880K, used 9204K [0x00000000e0000000, 0x00000000eb600000, 0x0000000100000000)
  eden space 113664K, 0% used [0x00000000e0000000,0x00000000e0000000,0x00000000e6f00000)
  from space 9216K, 99% used [0x00000000e6f00000,0x00000000e77fd2e8,0x00000000e7800000)
  to   space 11776K, 0% used [0x00000000eaa80000,0x00000000eaa80000,0x00000000eb600000)
 ParOldGen       total 33792K, used 11472K [0x00000000a0000000, 0x00000000a2100000, 0x00000000e0000000)
  object space 33792K, 33% used [0x00000000a0000000,0x00000000a0b34278,0x00000000a2100000)
 Metaspace       used 34518K, capacity 35052K, committed 35456K, reserved 1079296K
  class space    used 4733K, capacity 4881K, committed 4992K, reserved 1048576K
}
Event: 8.467 GC heap before
{Heap before GC invocations=11 (full 2):
 PSYoungGen      total 122880K, used 9204K [0x00000000e0000000, 0x00000000eb600000, 0x0000000100000000)
  eden space 113664K, 0% used [0x00000000e0000000,0x00000000e0000000,0x00000000e6f00000)
  from space 9216K, 99% used [0x00000000e6f00000,0x00000000e77fd2e8,0x00000000e7800000)
  to   space 11776K, 0% used [0x00000000eaa80000,0x00000000eaa80000,0x00000000eb600000)
 ParOldGen       total 33792K, used 11472K [0x00000000a0000000, 0x00000000a2100000, 0x00000000e0000000)
  object space 33792K, 33% used [0x00000000a0000000,0x00000000a0b34278,0x00000000a2100000)
 Metaspace       used 34518K, capacity 35052K, committed 35456K, reserved 1079296K
  class space    used 4733K, capacity 4881K, committed 4992K, reserved 1048576K
Event: 8.910 GC heap after
Heap after GC invocations=11 (full 2):
 PSYoungGen      total 122880K, used 0K [0x00000000e0000000, 0x00000000eb600000, 0x0000000100000000)
  eden space 113664K, 0% used [0x00000000e0000000,0x00000000e0000000,0x00000000e6f00000)
  from space 9216K, 0% used [0x00000000e6f00000,0x00000000e6f00000,0x00000000e7800000)
  to   space 11776K, 0% used [0x00000000eaa80000,0x00000000eaa80000,0x00000000eb600000)
 ParOldGen       total 54784K, used 19180K [0x00000000a0000000, 0x00000000a3580000, 0x00000000e0000000)
  object space 54784K, 35% used [0x00000000a0000000,0x00000000a12bb278,0x00000000a3580000)
 Metaspace       used 34518K, capacity 35052K, committed 35456K, reserved 1079296K
  class space    used 4733K, capacity 4881K, committed 4992K, reserved 1048576K
}
Event: 10.669 GC heap before
{Heap before GC invocations=12 (full 2):
 PSYoungGen      total 122880K, used 113664K [0x00000000e0000000, 0x00000000eb600000, 0x0000000100000000)
  eden space 113664K, 100% used [0x00000000e0000000,0x00000000e6f00000,0x00000000e6f00000)
  from space 9216K, 0% used [0x00000000e6f00000,0x00000000e6f00000,0x00000000e7800000)
  to   space 11776K, 0% used [0x00000000eaa80000,0x00000000eaa80000,0x00000000eb600000)
 ParOldGen       total 54784K, used 19180K [0x00000000a0000000, 0x00000000a3580000, 0x00000000e0000000)
  object space 54784K, 35% used [0x00000000a0000000,0x00000000a12bb278,0x00000000a3580000)
 Metaspace       used 41625K, capacity 42432K, committed 42752K, reserved 1085440K
  class space    used 5660K, capacity 5860K, committed 5888K, reserved 1048576K
Event: 10.680 GC heap after
Heap after GC invocations=12 (full 2):
 PSYoungGen      total 154624K, used 9530K [0x00000000e0000000, 0x00000000eb400000, 0x0000000100000000)
  eden space 144896K, 0% used [0x00000000e0000000,0x00000000e0000000,0x00000000e8d80000)
  from space 9728K, 97% used [0x00000000eaa80000,0x00000000eb3ce8a0,0x00000000eb400000)
  to   space 12288K, 0% used [0x00000000e9c00000,0x00000000e9c00000,0x00000000ea800000)
 ParOldGen       total 54784K, used 19188K [0x00000000a0000000, 0x00000000a3580000, 0x00000000e0000000)
  object space 54784K, 35% used [0x00000000a0000000,0x00000000a12bd278,0x00000000a3580000)
 Metaspace       used 41625K, capacity 42432K, committed 42752K, reserved 1085440K
  class space    used 5660K, capacity 5860K, committed 5888K, reserved 1048576K
}
Event: 15.894 GC heap before
{Heap before GC invocations=13 (full 2):
 PSYoungGen      total 154624K, used 154426K [0x00000000e0000000, 0x00000000eb400000, 0x0000000100000000)
  eden space 144896K, 100% used [0x00000000e0000000,0x00000000e8d80000,0x00000000e8d80000)
  from space 9728K, 97% used [0x00000000eaa80000,0x00000000eb3ce8a0,0x00000000eb400000)
  to   space 12288K, 0% used [0x00000000e9c00000,0x00000000e9c00000,0x00000000ea800000)
 ParOldGen       total 54784K, used 19188K [0x00000000a0000000, 0x00000000a3580000, 0x00000000e0000000)
  object space 54784K, 35% used [0x00000000a0000000,0x00000000a12bd278,0x00000000a3580000)
 Metaspace       used 48131K, capacity 49386K, committed 49664K, reserved 1091584K
  class space    used 6554K, capacity 6809K, committed 6912K, reserved 1048576K
Event: 15.925 GC heap after
Heap after GC invocations=13 (full 2):
 PSYoungGen      total 172032K, used 12273K [0x00000000e0000000, 0x00000000ecf00000, 0x0000000100000000)
  eden space 159744K, 0% used [0x00000000e0000000,0x00000000e0000000,0x00000000e9c00000)
  from space 12288K, 99% used [0x00000000e9c00000,0x00000000ea7fc6e8,0x00000000ea800000)
  to   space 16384K, 0% used [0x00000000ebf00000,0x00000000ebf00000,0x00000000ecf00000)
 ParOldGen       total 54784K, used 25880K [0x00000000a0000000, 0x00000000a3580000, 0x00000000e0000000)
  object space 54784K, 47% used [0x00000000a0000000,0x00000000a19462d0,0x00000000a3580000)
 Metaspace       used 48131K, capacity 49386K, committed 49664K, reserved 1091584K
  class space    used 6554K, capacity 6809K, committed 6912K, reserved 1048576K
}

Deoptimization events (10 events):
Event: 17.701 Thread 0x000000005955e000 Uncommon trap: reason=bimorphic action=maybe_recompile pc=0x0000000003dbfef4 method=com.sun.org.apache.xerces.internal.dom.CoreDocumentImpl.isKidOK(Lorg/w3c/dom/Node;Lorg/w3c/dom/Node;)Z @ 39
Event: 17.701 Thread 0x000000005955e000 Uncommon trap: reason=bimorphic action=maybe_recompile pc=0x0000000003343028 method=com.sun.org.apache.xerces.internal.dom.NodeImpl.changed()V @ 1
Event: 17.701 Thread 0x000000005955e000 Uncommon trap: reason=bimorphic action=maybe_recompile pc=0x0000000003dbfef4 method=com.sun.org.apache.xerces.internal.dom.CoreDocumentImpl.isKidOK(Lorg/w3c/dom/Node;Lorg/w3c/dom/Node;)Z @ 39
Event: 17.701 Thread 0x000000005955e000 Uncommon trap: reason=bimorphic action=maybe_recompile pc=0x0000000003343028 method=com.sun.org.apache.xerces.internal.dom.NodeImpl.changed()V @ 1
Event: 17.701 Thread 0x000000005955e000 Uncommon trap: reason=bimorphic action=maybe_recompile pc=0x0000000003dbfef4 method=com.sun.org.apache.xerces.internal.dom.CoreDocumentImpl.isKidOK(Lorg/w3c/dom/Node;Lorg/w3c/dom/Node;)Z @ 39
Event: 17.701 Thread 0x000000005955e000 Uncommon trap: reason=bimorphic action=maybe_recompile pc=0x0000000003343028 method=com.sun.org.apache.xerces.internal.dom.NodeImpl.changed()V @ 1
Event: 17.705 Thread 0x0000000059eab800 Uncommon trap: reason=unstable_if action=reinterpret pc=0x00000000038b40bc method=java.util.concurrent.locks.ReentrantLock$Sync.nonfairTryAcquire(I)Z @ 34
Event: 17.716 Thread 0x000000005955e000 Uncommon trap: reason=unstable_if action=reinterpret pc=0x0000000003b7638c method=java.util.concurrent.locks.ReentrantLock$Sync.nonfairTryAcquire(I)Z @ 34
Event: 17.717 Thread 0x0000000059ead000 Uncommon trap: reason=unstable_if action=reinterpret pc=0x0000000003ae5fe4 method=java.util.concurrent.locks.ReentrantLock$Sync.nonfairTryAcquire(I)Z @ 34
Event: 17.931 Thread 0x000000005955e000 Uncommon trap: reason=null_check action=make_not_entrant pc=0x0000000003e52764 method=com.android.ide.common.res2.NodeUtils.processSingleNodeNamespace(Lorg/w3c/dom/Node;Lorg/w3c/dom/Document;)Z @ 8

Internal exceptions (10 events):
Event: 12.422 Thread 0x000000005955e000 Exception <a 'java/lang/ClassNotFoundException': org/gradle/model/internal/core/NodeBackedModelMapCustomizer> (0x00000000e5ed58d0) thrown at [C:\re\workspace\8-2-build-windows-amd64-cygwin\jdk8u121\8372\hotspot\src\share\vm\classfile\systemDictionary.cpp,
Event: 12.425 Thread 0x000000005955e000 Exception <a 'java/lang/ClassNotFoundException': org/gradle/platform/base/BinaryContainer_ImplCustomizer> (0x00000000e5f327b0) thrown at [C:\re\workspace\8-2-build-windows-amd64-cygwin\jdk8u121\8372\hotspot\src\share\vm\classfile\systemDictionary.cpp, lin
Event: 12.661 Thread 0x000000005955e000 Exception <a 'java/lang/NoSuchMethodError': <clinit>> (0x00000000e636a750) thrown at [C:\re\workspace\8-2-build-windows-amd64-cygwin\jdk8u121\8372\hotspot\src\share\vm\prims\jni.cpp, line 1613]
Event: 12.662 Thread 0x000000005955e000 Exception <a 'java/lang/NoSuchMethodError': <clinit>> (0x00000000e6377738) thrown at [C:\re\workspace\8-2-build-windows-amd64-cygwin\jdk8u121\8372\hotspot\src\share\vm\prims\jni.cpp, line 1613]
Event: 12.705 Thread 0x000000005955e000 Exception <a 'java/lang/NoSuchMethodError': <clinit>> (0x00000000e6569788) thrown at [C:\re\workspace\8-2-build-windows-amd64-cygwin\jdk8u121\8372\hotspot\src\share\vm\prims\jni.cpp, line 1613]
Event: 12.707 Thread 0x000000005955e000 Exception <a 'java/lang/NoSuchMethodError': <clinit>> (0x00000000e6581f98) thrown at [C:\re\workspace\8-2-build-windows-amd64-cygwin\jdk8u121\8372\hotspot\src\share\vm\prims\jni.cpp, line 1613]
Event: 12.708 Thread 0x000000005955e000 Exception <a 'java/lang/NoSuchMethodError': <clinit>> (0x00000000e65834b0) thrown at [C:\re\workspace\8-2-build-windows-amd64-cygwin\jdk8u121\8372\hotspot\src\share\vm\prims\jni.cpp, line 1613]
Event: 14.008 Thread 0x000000005955e000 Exception <a 'java/lang/ClassNotFoundException': com/android/build/gradle/internal/LibraryCache$1BeanInfo> (0x00000000e68a7898) thrown at [C:\re\workspace\8-2-build-windows-amd64-cygwin\jdk8u121\8372\hotspot\src\share\vm\classfile\systemDictionary.cpp, li
Event: 14.008 Thread 0x000000005955e000 Exception <a 'java/lang/ClassNotFoundException': com/android/build/gradle/internal/LibraryCache$1Customizer> (0x00000000e68b8130) thrown at [C:\re\workspace\8-2-build-windows-amd64-cygwin\jdk8u121\8372\hotspot\src\share\vm\classfile\systemDictionary.cpp, 
Event: 17.931 Thread 0x000000005955e000 Implicit null exception at 0x0000000003e52617 to 0x0000000003e52753

Events (10 events):
Event: 17.811 loading class com/google/common/io/CharSink done
Event: 17.812 loading class com/google/common/io/ByteSink$AsCharSink
Event: 17.812 loading class com/google/common/io/ByteSink$AsCharSink done
Event: 17.917 Thread 0x000000005955e000 DEOPT PACKING pc=0x0000000003e4739b sp=0x000000005ac6b980
Event: 17.917 Thread 0x000000005955e000 DEOPT UNPACKING pc=0x00000000027e787f sp=0x000000005ac6b788 mode 0
Event: 17.931 Thread 0x000000005955e000 Uncommon trap: trap_request=0xfffffff4 fr.pc=0x0000000003e52764
Event: 17.931 Thread 0x000000005955e000 DEOPT PACKING pc=0x0000000003e52764 sp=0x000000005ac6bf80
Event: 17.931 Thread 0x000000005955e000 DEOPT UNPACKING pc=0x00000000027e582a sp=0x000000005ac6bf00 mode 2
Event: 17.932 Thread 0x000000005955e000 DEOPT PACKING pc=0x0000000003e474b7 sp=0x000000005ac6b980
Event: 17.932 Thread 0x000000005955e000 DEOPT UNPACKING pc=0x00000000027e787f sp=0x000000005ac6b788 mode 0


Dynamic libraries:
0x000000013f820000 - 0x000000013f857000 	C:\Program Files\Java\jdk1.8.0_121\bin\java.exe
0x0000000076f90000 - 0x0000000077139000 	C:\Windows\SYSTEM32\ntdll.dll
0x0000000076e70000 - 0x0000000076f8f000 	C:\Windows\system32\kernel32.dll
0x000007fefd180000 - 0x000007fefd1eb000 	C:\Windows\system32\KERNELBASE.dll
0x000007fefd4d0000 - 0x000007fefd5ab000 	C:\Windows\system32\ADVAPI32.dll
0x000007fefef30000 - 0x000007fefefcf000 	C:\Windows\system32\msvcrt.dll
0x000007fefd4b0000 - 0x000007fefd4cf000 	C:\Windows\SYSTEM32\sechost.dll
0x000007fefebf0000 - 0x000007fefed1d000 	C:\Windows\system32\RPCRT4.dll
0x0000000076d70000 - 0x0000000076e6a000 	C:\Windows\system32\USER32.dll
0x000007fefd5b0000 - 0x000007fefd617000 	C:\Windows\system32\GDI32.dll
0x000007feff150000 - 0x000007feff15e000 	C:\Windows\system32\LPK.dll
0x000007fefeb20000 - 0x000007fefebe9000 	C:\Windows\system32\USP10.dll
0x000007fefb360000 - 0x000007fefb554000 	C:\Windows\WinSxS\amd64_microsoft.windows.common-controls_6595b64144ccf1df_6.0.7601.17514_none_fa396087175ac9ac\COMCTL32.dll
0x000007fefd3e0000 - 0x000007fefd451000 	C:\Windows\system32\SHLWAPI.dll
0x000007fefeea0000 - 0x000007fefeece000 	C:\Windows\system32\IMM32.DLL
0x000007fefd2b0000 - 0x000007fefd3b9000 	C:\Windows\system32\MSCTF.dll
0x000000006f800000 - 0x000000006f8d2000 	C:\Program Files\Java\jdk1.8.0_121\jre\bin\msvcr100.dll
0x000000006a080000 - 0x000000006a91b000 	C:\Program Files\Java\jdk1.8.0_121\jre\bin\server\jvm.dll
0x000007fee9f60000 - 0x000007fee9f69000 	C:\Windows\system32\WSOCK32.dll
0x000007fefd460000 - 0x000007fefd4ad000 	C:\Windows\system32\WS2_32.dll
0x000007feff290000 - 0x000007feff298000 	C:\Windows\system32\NSI.dll
0x000007fef8ff0000 - 0x000007fef902b000 	C:\Windows\system32\WINMM.dll
0x000007fefc0a0000 - 0x000007fefc0ac000 	C:\Windows\system32\VERSION.dll
0x0000000077160000 - 0x0000000077167000 	C:\Windows\system32\PSAPI.DLL
0x00000000737d0000 - 0x00000000737df000 	C:\Program Files\Java\jdk1.8.0_121\jre\bin\verify.dll
0x0000000073750000 - 0x0000000073779000 	C:\Program Files\Java\jdk1.8.0_121\jre\bin\java.dll
0x0000000073790000 - 0x00000000737a6000 	C:\Program Files\Java\jdk1.8.0_121\jre\bin\zip.dll
0x000007fefdd90000 - 0x000007fefeb18000 	C:\Windows\system32\SHELL32.dll
0x000007fefdb80000 - 0x000007fefdd83000 	C:\Windows\system32\ole32.dll
0x000007fefcee0000 - 0x000007fefceef000 	C:\Windows\system32\profapi.dll
0x0000000073730000 - 0x000000007374a000 	C:\Program Files\Java\jdk1.8.0_121\jre\bin\net.dll
0x000007fefc750000 - 0x000007fefc7a5000 	C:\Windows\system32\mswsock.dll
0x000007fefc740000 - 0x000007fefc747000 	C:\Windows\System32\wship6.dll
0x0000000073230000 - 0x0000000073241000 	C:\Program Files\Java\jdk1.8.0_121\jre\bin\nio.dll
0x000007fee7b70000 - 0x000007fee7b82000 	C:\Users\welcome\.gradle\native\19\windows-amd64\native-platform.dll
0x000007fefc7b0000 - 0x000007fefc7c7000 	C:\Windows\system32\CRYPTSP.dll
0x000007fefc470000 - 0x000007fefc4b7000 	C:\Windows\system32\rsaenh.dll
0x000007fefc2f0000 - 0x000007fefc30e000 	C:\Windows\system32\USERENV.dll
0x000007fefce10000 - 0x000007fefce1f000 	C:\Windows\system32\CRYPTBASE.dll
0x000007fefc070000 - 0x000007fefc097000 	C:\Windows\system32\IPHLPAPI.DLL
0x000007fefc060000 - 0x000007fefc06b000 	C:\Windows\system32\WINNSI.DLL
0x000007fefbff0000 - 0x000007fefc008000 	C:\Windows\system32\dhcpcsvc.DLL
0x000007fefa260000 - 0x000007fefa271000 	C:\Windows\system32\dhcpcsvc6.DLL
0x00000000737e0000 - 0x00000000737ed000 	C:\Program Files\Java\jdk1.8.0_121\jre\bin\management.dll
0x000007fefcdb0000 - 0x000007fefce07000 	C:\Windows\system32\apphelp.dll
0x000007fef7330000 - 0x000007fef7455000 	C:\Windows\system32\dbghelp.dll

VM Arguments:
jvm_args: -Xmx1536m -Dfile.encoding=windows-1252 -Duser.country=US -Duser.language=en -Duser.variant 
java_command: org.gradle.launcher.daemon.bootstrap.GradleDaemon 2.14.1
java_class_path (initial): C:\Program Files\Android\Android Studio\gradle\gradle-2.14.1\lib\gradle-launcher-2.14.1.jar
Launcher Type: SUN_STANDARD

Environment Variables:
PATH=C:\ProgramData\Oracle\Java\javapath;C:\Windows\system32;C:\Windows;C:\Windows\System32\Wbem;C:\Windows\System32\WindowsPowerShell\v1.0\;C:\Program Files\Git\cmd;C:\Program Files\Java\jdk1.8.0_121\bin
USERNAME=welcome
OS=Windows_NT
PROCESSOR_IDENTIFIER=Intel64 Family 6 Model 58 Stepping 9, GenuineIntel



---------------  S Y S T E M  ---------------

OS: Windows 7 , 64 bit Build 7601 (6.1.7601.17514)

CPU:total 4 (2 cores per cpu, 2 threads per core) family 6 model 58 stepping 9, cmov, cx8, fxsr, mmx, sse, sse2, sse3, ssse3, sse4.1, sse4.2, popcnt, avx, clmul, erms, ht, tsc, tscinvbit, tscinv

Memory: 4k page, physical 4083996k(926716k free), swap 8166148k(3933700k free)

vm_info: Java HotSpot(TM) 64-Bit Server VM (25.121-b13) for windows-amd64 JRE (1.8.0_121-b13), built on Dec 12 2016 18:21:36 by "java_re" with MS VC++ 10.0 (VS2010)

time: Sun Feb 19 20:05:20 2017
elapsed time: 18 seconds (0d 0h 0m 18s)

