#
# A fatal error has been detected by the Java Runtime Environment:
#
#  EXCEPTION_ACCESS_VIOLATION (0xc0000005) at pc=0x000000006481b544, pid=5392, tid=0x0000000000000de8
#
# JRE version: Java(TM) SE Runtime Environment (8.0_121-b13) (build 1.8.0_121-b13)
# Java VM: Java HotSpot(TM) 64-Bit Server VM (25.121-b13 mixed mode windows-amd64 compressed oops)
# Problematic frame:
# V  [jvm.dll+0x13b544]
#
# Failed to write core dump. Minidumps are not enabled by default on client versions of Windows
#
# If you would like to submit a bug report, please visit:
#   http://bugreport.java.com/bugreport/crash.jsp
#

---------------  T H R E A D  ---------------

Current thread (0x0000000059dc7000):  JavaThread "Daemon worker" [_thread_in_vm, id=3560, stack(0x000000005a9f0000,0x000000005aaf0000)]

siginfo: ExceptionCode=0xc0000005, reading address 0xffffffffffffffff

Registers:
RAX=0x005500005b19f870, RBX=0x0000000016105f30, RCX=0x005500005b19f870, RDX=0x005500005b19f870
RSP=0x000000005aae9c10, RBP=0x000000005aae9d70, RSI=0x000000005956ed98, RDI=0x0000000016105c38
R8 =0x0000000059dc7000, R9 =0x0000000059dc7000, R10=0x0000000000001000, R11=0x0000000000000002
R12=0x000000005aaea028, R13=0x0000000059dc7000, R14=0x000000005aaea070, R15=0x0000000061ece390
RIP=0x000000006481b544, EFLAGS=0x0000000000010202

Top of Stack: (sp=0x000000005aae9c10)
0x000000005aae9c10:   0000000059dc7000 0000000000000000
0x000000005aae9c20:   00008abf00000002 0000000000000000
0x000000005aae9c30:   0000000016105c38 00000000648055c5
0x000000005aae9c40:   000000005aaea070 000000005956ed98
0x000000005aae9c50:   0000000059dc7000 000000005aaea028
0x000000005aae9c60:   0000000016105c38 000000006473e567
0x000000005aae9c70:   005500005b19f871 000000005956ed98
0x000000005aae9c80:   000000005aae9d70 000000005956ed98
0x000000005aae9c90:   0000000000000002 0000000000000000
0x000000005aae9ca0:   0000000000200021 000000005b19f870
0x000000005aae9cb0:   0000000016105c38 0000000059dc7000
0x000000005aae9cc0:   0000000059dc7000 0000000061ec0016
0x000000005aae9cd0:   000000005c6c0100 0000000061ece390
0x000000005aae9ce0:   0000000059dc7000 0000000055ac0100
0x000000005aae9cf0:   00000000594d4c30 00000000594d4c20
0x000000005aae9d00:   00000000594d4c28 00000000594d4c10 

Instructions: (pc=0x000000006481b544)
0x000000006481b524:   ff cc cc cc cc cc cc cc cc cc cc cc e9 db fe ff
0x000000006481b534:   ff cc cc cc cc cc cc cc cc cc cc cc 48 83 ec 28
0x000000006481b544:   0f b7 41 02 48 83 c1 02 66 85 c0 78 05 e8 1a 57
0x000000006481b554:   0c 00 48 83 c4 28 c3 cc cc cc cc cc 48 83 ec 28 


Register to memory mapping:

RAX=0x005500005b19f870 is an unknown value
RBX=0x0000000016105f30 is pointing into metadata
RCX=0x005500005b19f870 is an unknown value
RDX=0x005500005b19f870 is an unknown value
RSP=0x000000005aae9c10 is pointing into the stack for thread: 0x0000000059dc7000
RBP=0x000000005aae9d70 is pointing into the stack for thread: 0x0000000059dc7000
RSI=0x000000005956ed98 is an unknown value
RDI=0x0000000016105c38 is pointing into metadata
R8 =0x0000000059dc7000 is a thread
R9 =0x0000000059dc7000 is a thread
R10=0x0000000000001000 is an unknown value
R11=0x0000000000000002 is an unknown value
R12=0x000000005aaea028 is pointing into the stack for thread: 0x0000000059dc7000
R13=0x0000000059dc7000 is a thread
R14=0x000000005aaea070 is pointing into the stack for thread: 0x0000000059dc7000
R15=0x0000000061ece390 is pointing into metadata


Stack: [0x000000005a9f0000,0x000000005aaf0000],  sp=0x000000005aae9c10,  free space=999k
Native frames: (J=compiled Java code, j=interpreted, Vv=VM code, C=native code)
V  [jvm.dll+0x13b544]
V  [jvm.dll+0x1255c5]
V  [jvm.dll+0x5e567]
V  [jvm.dll+0x7c084]
V  [jvm.dll+0x1928b1]
V  [jvm.dll+0x192c4b]
C  [java.dll+0x1e58]
C  0x0000000002bc915d

Java frames: (J=compiled Java code, j=interpreted, Vv=VM code)
J 637  java.lang.ClassLoader.defineClass1(Ljava/lang/String;[BIILjava/security/ProtectionDomain;Ljava/lang/String;)Ljava/lang/Class; (0 bytes) @ 0x0000000002bc90df [0x0000000002bc9040+0x9f]
J 467 C1 java.lang.ClassLoader.defineClass(Ljava/lang/String;[BIILjava/security/ProtectionDomain;)Ljava/lang/Class; (43 bytes) @ 0x0000000002b51f8c [0x0000000002b519c0+0x5cc]
J 2192 C1 java.security.SecureClassLoader.defineClass(Ljava/lang/String;[BIILjava/security/CodeSource;)Ljava/lang/Class; (16 bytes) @ 0x000000000314770c [0x00000000031475c0+0x14c]
J 3186 C2 java.net.URLClassLoader$1.run()Ljava/lang/Object; (5 bytes) @ 0x00000000036d4638 [0x00000000036d2d80+0x18b8]
v  ~StubRoutines::call_stub
J 262  java.security.AccessController.doPrivileged(Ljava/security/PrivilegedExceptionAction;Ljava/security/AccessControlContext;)Ljava/lang/Object; (0 bytes) @ 0x0000000002abb466 [0x0000000002abb400+0x66]
J 1575 C2 java.net.URLClassLoader.findClass(Ljava/lang/String;)Ljava/lang/Class; (47 bytes) @ 0x0000000002e4f11c [0x0000000002e4f0a0+0x7c]
J 1849 C2 java.lang.ClassLoader.loadClass(Ljava/lang/String;Z)Ljava/lang/Class; (122 bytes) @ 0x0000000003036a30 [0x0000000003036640+0x3f0]
J 5097 C2 java.lang.ClassLoader.loadClass(Ljava/lang/String;)Ljava/lang/Class; (7 bytes) @ 0x0000000003aaf370 [0x0000000003aaf340+0x30]
v  ~StubRoutines::call_stub
j  org.gradle.platform.base.component.internal.ComponentSpecFactory.<init>(Lorg/gradle/api/internal/project/ProjectIdentifier;Lorg/gradle/internal/reflect/Instantiator;Lorg/gradle/api/internal/project/taskfactory/ITaskFactory;Lorg/gradle/api/internal/file/SourceDirectorySetFactory;)V+28
j  org.gradle.platform.base.plugins.ComponentBasePlugin$PluginRules.componentSpecFactory(Lorg/gradle/api/internal/project/ProjectIdentifier;Lorg/gradle/internal/reflect/Instantiator;Lorg/gradle/api/internal/project/taskfactory/ITaskFactory;Lorg/gradle/api/internal/file/SourceDirectorySetFactory;)Lorg/gradle/platform/base/component/internal/ComponentSpecFactory;+9
v  ~StubRoutines::call_stub
J 1792  sun.reflect.NativeMethodAccessorImpl.invoke0(Ljava/lang/reflect/Method;Ljava/lang/Object;[Ljava/lang/Object;)Ljava/lang/Object; (0 bytes) @ 0x0000000002ff4b3f [0x0000000002ff4ac0+0x7f]
J 1152 C1 sun.reflect.NativeMethodAccessorImpl.invoke(Ljava/lang/Object;[Ljava/lang/Object;)Ljava/lang/Object; (104 bytes) @ 0x0000000002d37d9c [0x0000000002d36c40+0x115c]
J 751 C1 sun.reflect.DelegatingMethodAccessorImpl.invoke(Ljava/lang/Object;[Ljava/lang/Object;)Ljava/lang/Object; (10 bytes) @ 0x0000000002c1dcc4 [0x0000000002c1dbc0+0x104]
J 750 C1 java.lang.reflect.Method.invoke(Ljava/lang/Object;[Ljava/lang/Object;)Ljava/lang/Object; (62 bytes) @ 0x0000000002c1e464 [0x0000000002c1e080+0x3e4]
j  org.gradle.model.internal.method.WeaklyTypeReferencingMethod.invoke(Ljava/lang/Object;[Ljava/lang/Object;)Ljava/lang/Object;+13
j  org.gradle.model.internal.inspect.DefaultModelRuleInvoker.invoke([Ljava/lang/Object;)Ljava/lang/Object;+33
j  org.gradle.model.internal.inspect.UnmanagedModelCreationRuleExtractor$UnmanagedElementCreationAction.execute(Lorg/gradle/model/internal/inspect/ModelRuleInvoker;Lorg/gradle/model/internal/core/MutableModelNode;Ljava/util/List;)V+79
j  org.gradle.model.internal.inspect.ModelRuleExtractor$DefaultExtractedRuleSource$ContextualizedModelAction.execute(Lorg/gradle/model/internal/core/MutableModelNode;Ljava/util/List;)V+58
j  org.gradle.model.internal.registry.DefaultModelRegistry$4.run()V+12
j  org.gradle.model.internal.registry.RuleContext.run(Lorg/gradle/model/internal/core/rule/describe/ModelRuleDescriptor;Ljava/lang/Runnable;)V+16
j  org.gradle.model.internal.registry.DefaultModelRegistry.fireAction(Lorg/gradle/model/internal/registry/RuleBinder;)V+93
j  org.gradle.model.internal.registry.DefaultModelRegistry.access$700(Lorg/gradle/model/internal/registry/DefaultModelRegistry;Lorg/gradle/model/internal/registry/RuleBinder;)V+2
j  org.gradle.model.internal.registry.DefaultModelRegistry$RunModelAction.apply()V+49
j  org.gradle.model.internal.registry.DefaultModelRegistry.transitionTo(Lorg/gradle/model/internal/registry/DefaultModelRegistry$GoalGraph;Lorg/gradle/model/internal/registry/DefaultModelRegistry$ModelGoal;)V+116
j  org.gradle.model.internal.registry.DefaultModelRegistry.transition(Lorg/gradle/model/internal/registry/ModelNodeInternal;Lorg/gradle/model/internal/core/ModelNode$State;Z)V+161
j  org.gradle.model.internal.registry.DefaultModelRegistry.atStateOrMaybeLater(Lorg/gradle/model/internal/core/ModelPath;Lorg/gradle/model/internal/core/ModelNode$State;Z)Lorg/gradle/model/internal/registry/ModelNodeInternal;+52
j  org.gradle.model.internal.registry.DefaultModelRegistry.atStateOrLater(Lorg/gradle/model/internal/core/ModelPath;Lorg/gradle/model/internal/core/ModelNode$State;)Lorg/gradle/model/internal/core/ModelNode;+4
j  org.gradle.api.internal.tasks.DefaultTaskContainer.discoverTasks()V+30
j  org.gradle.execution.TaskNameResolver.discoverTasks(Lorg/gradle/api/internal/project/ProjectInternal;)V+6
j  org.gradle.execution.TaskNameResolver.access$100(Lorg/gradle/api/internal/project/ProjectInternal;)V+1
j  org.gradle.execution.TaskNameResolver$MultiProjectTaskSelectionResult.collect(Lorg/gradle/api/internal/project/ProjectInternal;Ljava/util/Collection;)V+8
j  org.gradle.execution.TaskNameResolver$MultiProjectTaskSelectionResult.collect(Lorg/gradle/api/internal/project/ProjectInternal;Ljava/util/Collection;)V+93
j  org.gradle.execution.TaskNameResolver$MultiProjectTaskSelectionResult.collectTasks(Ljava/util/Collection;)V+6
j  org.gradle.execution.TaskNameResolver.selectWithName(Ljava/lang/String;Lorg/gradle/api/internal/project/ProjectInternal;Z)Lorg/gradle/execution/TaskSelectionResult;+21
j  org.gradle.execution.TaskSelector.getSelection(Ljava/lang/String;Lorg/gradle/api/internal/project/ProjectInternal;)Lorg/gradle/execution/TaskSelector$TaskSelection;+72
j  org.gradle.execution.TaskSelector.getSelection(Ljava/lang/String;Ljava/lang/String;)Lorg/gradle/execution/TaskSelector$TaskSelection;+35
j  org.gradle.execution.commandline.CommandLineTaskParser.parseTasks(Lorg/gradle/TaskExecutionRequest;)Ljava/util/List;+51
j  org.gradle.execution.TaskNameResolvingBuildConfigurationAction.configure(Lorg/gradle/execution/BuildExecutionContext;)V+62
j  org.gradle.execution.DefaultBuildConfigurationActionExecuter.configure(Ljava/util/List;Lorg/gradle/api/internal/GradleInternal;I)V+32
j  org.gradle.execution.DefaultBuildConfigurationActionExecuter.access$000(Lorg/gradle/execution/DefaultBuildConfigurationActionExecuter;Ljava/util/List;Lorg/gradle/api/internal/GradleInternal;I)V+4
j  org.gradle.execution.DefaultBuildConfigurationActionExecuter$1.proceed()V+18
j  org.gradle.execution.DefaultTasksBuildExecutionAction.configure(Lorg/gradle/execution/BuildExecutionContext;)V+58
j  org.gradle.execution.DefaultBuildConfigurationActionExecuter.configure(Ljava/util/List;Lorg/gradle/api/internal/GradleInternal;I)V+32
j  org.gradle.execution.DefaultBuildConfigurationActionExecuter.access$000(Lorg/gradle/execution/DefaultBuildConfigurationActionExecuter;Ljava/util/List;Lorg/gradle/api/internal/GradleInternal;I)V+4
j  org.gradle.execution.DefaultBuildConfigurationActionExecuter$1.proceed()V+18
j  org.gradle.execution.ExcludedTaskFilteringBuildConfigurationAction.configure(Lorg/gradle/execution/BuildExecutionContext;)V+102
j  org.gradle.execution.DefaultBuildConfigurationActionExecuter.configure(Ljava/util/List;Lorg/gradle/api/internal/GradleInternal;I)V+32
j  org.gradle.execution.DefaultBuildConfigurationActionExecuter.select(Lorg/gradle/api/internal/GradleInternal;)V+29
j  org.gradle.initialization.DefaultGradleLauncher$3.run()V+14
j  org.gradle.internal.Factories$1.create()Ljava/lang/Object;+4
j  org.gradle.internal.progress.DefaultBuildOperationExecutor.run(Lorg/gradle/internal/progress/BuildOperationDetails;Lorg/gradle/internal/Factory;)Ljava/lang/Object;+171
j  org.gradle.internal.progress.DefaultBuildOperationExecutor.run(Ljava/lang/String;Ljava/lang/Runnable;)V+12
j  org.gradle.initialization.DefaultGradleLauncher.doBuildStages(Lorg/gradle/initialization/DefaultGradleLauncher$Stage;)V+66
j  org.gradle.initialization.DefaultGradleLauncher.access$200(Lorg/gradle/initialization/DefaultGradleLauncher;Lorg/gradle/initialization/DefaultGradleLauncher$Stage;)V+2
j  org.gradle.initialization.DefaultGradleLauncher$1.create()Lorg/gradle/BuildResult;+29
j  org.gradle.initialization.DefaultGradleLauncher$1.create()Ljava/lang/Object;+1
j  org.gradle.internal.progress.DefaultBuildOperationExecutor.run(Lorg/gradle/internal/progress/BuildOperationDetails;Lorg/gradle/internal/Factory;)Ljava/lang/Object;+171
j  org.gradle.internal.progress.DefaultBuildOperationExecutor.run(Ljava/lang/String;Lorg/gradle/internal/Factory;)Ljava/lang/Object;+9
j  org.gradle.initialization.DefaultGradleLauncher.doBuild(Lorg/gradle/initialization/DefaultGradleLauncher$Stage;)Lorg/gradle/BuildResult;+15
j  org.gradle.initialization.DefaultGradleLauncher.run()Lorg/gradle/BuildResult;+4
j  org.gradle.launcher.exec.InProcessBuildActionExecuter$DefaultBuildController.run()Lorg/gradle/api/internal/GradleInternal;+4
j  org.gradle.tooling.internal.provider.runner.BuildModelActionRunner.run(Lorg/gradle/internal/invocation/BuildAction;Lorg/gradle/internal/invocation/BuildController;)V+29
j  org.gradle.launcher.exec.ChainingBuildActionRunner.run(Lorg/gradle/internal/invocation/BuildAction;Lorg/gradle/internal/invocation/BuildController;)V+34
j  org.gradle.tooling.internal.provider.runner.SubscribableBuildActionRunner.run(Lorg/gradle/internal/invocation/BuildAction;Lorg/gradle/internal/invocation/BuildController;)V+37
j  org.gradle.launcher.exec.ChainingBuildActionRunner.run(Lorg/gradle/internal/invocation/BuildAction;Lorg/gradle/internal/invocation/BuildController;)V+34
j  org.gradle.launcher.exec.InProcessBuildActionExecuter.execute(Lorg/gradle/internal/invocation/BuildAction;Lorg/gradle/initialization/BuildRequestContext;Lorg/gradle/launcher/exec/BuildActionParameters;Lorg/gradle/internal/service/ServiceRegistry;)Ljava/lang/Object;+77
j  org.gradle.launcher.exec.InProcessBuildActionExecuter.execute(Lorg/gradle/internal/invocation/BuildAction;Lorg/gradle/initialization/BuildRequestContext;Ljava/lang/Object;Lorg/gradle/internal/service/ServiceRegistry;)Ljava/lang/Object;+9
j  org.gradle.launcher.exec.ContinuousBuildActionExecuter.execute(Lorg/gradle/internal/invocation/BuildAction;Lorg/gradle/initialization/BuildRequestContext;Lorg/gradle/launcher/exec/BuildActionParameters;Lorg/gradle/internal/service/ServiceRegistry;)Ljava/lang/Object;+114
j  org.gradle.launcher.exec.ContinuousBuildActionExecuter.execute(Lorg/gradle/internal/invocation/BuildAction;Lorg/gradle/initialization/BuildRequestContext;Ljava/lang/Object;Lorg/gradle/internal/service/ServiceRegistry;)Ljava/lang/Object;+9
j  org.gradle.launcher.daemon.server.exec.ExecuteBuild.doBuild(Lorg/gradle/launcher/daemon/server/api/DaemonCommandExecution;Lorg/gradle/launcher/daemon/protocol/Build;)V+74
j  org.gradle.launcher.daemon.server.exec.BuildCommandOnly.execute(Lorg/gradle/launcher/daemon/server/api/DaemonCommandExecution;)V+49
j  org.gradle.launcher.daemon.server.api.DaemonCommandExecution.proceed()Z+28
j  org.gradle.launcher.daemon.server.exec.WatchForDisconnection.execute(Lorg/gradle/launcher/daemon/server/api/DaemonCommandExecution;)V+19
j  org.gradle.launcher.daemon.server.api.DaemonCommandExecution.proceed()Z+28
j  org.gradle.launcher.daemon.server.exec.ResetDeprecationLogger.execute(Lorg/gradle/launcher/daemon/server/api/DaemonCommandExecution;)V+4
j  org.gradle.launcher.daemon.server.api.DaemonCommandExecution.proceed()Z+28
j  org.gradle.launcher.daemon.server.exec.RequestStopIfSingleUsedDaemon.execute(Lorg/gradle/launcher/daemon/server/api/DaemonCommandExecution;)V+31
j  org.gradle.launcher.daemon.server.api.DaemonCommandExecution.proceed()Z+28
j  org.gradle.launcher.daemon.server.exec.ForwardClientInput$2.call()Ljava/lang/Void;+4
j  org.gradle.launcher.daemon.server.exec.ForwardClientInput$2.call()Ljava/lang/Object;+1
j  org.gradle.util.Swapper.swap(Ljava/lang/Object;Ljava/util/concurrent/Callable;)Ljava/lang/Object;+21
j  org.gradle.launcher.daemon.server.exec.ForwardClientInput.execute(Lorg/gradle/launcher/daemon/server/api/DaemonCommandExecution;)V+63
j  org.gradle.launcher.daemon.server.api.DaemonCommandExecution.proceed()Z+28
j  org.gradle.launcher.daemon.server.health.DaemonHealthTracker.execute(Lorg/gradle/launcher/daemon/server/api/DaemonCommandExecution;)V+35
j  org.gradle.launcher.daemon.server.api.DaemonCommandExecution.proceed()Z+28
j  org.gradle.launcher.daemon.server.exec.LogToClient.doBuild(Lorg/gradle/launcher/daemon/server/api/DaemonCommandExecution;Lorg/gradle/launcher/daemon/protocol/Build;)V+87
j  org.gradle.launcher.daemon.server.exec.BuildCommandOnly.execute(Lorg/gradle/launcher/daemon/server/api/DaemonCommandExecution;)V+49
j  org.gradle.launcher.daemon.server.api.DaemonCommandExecution.proceed()Z+28
j  org.gradle.launcher.daemon.server.exec.EstablishBuildEnvironment.doBuild(Lorg/gradle/launcher/daemon/server/api/DaemonCommandExecution;Lorg/gradle/launcher/daemon/protocol/Build;)V+279
j  org.gradle.launcher.daemon.server.exec.BuildCommandOnly.execute(Lorg/gradle/launcher/daemon/server/api/DaemonCommandExecution;)V+49
j  org.gradle.launcher.daemon.server.api.DaemonCommandExecution.proceed()Z+28
j  org.gradle.launcher.daemon.server.health.HintGCAfterBuild.execute(Lorg/gradle/launcher/daemon/server/api/DaemonCommandExecution;)V+1
j  org.gradle.launcher.daemon.server.api.DaemonCommandExecution.proceed()Z+28
j  org.gradle.launcher.daemon.server.exec.StartBuildOrRespondWithBusy$1.run()V+44
j  org.gradle.launcher.daemon.server.DaemonStateCoordinator$1.run()V+4
j  org.gradle.internal.concurrent.ExecutorPolicy$CatchAndRecordFailures.onExecute(Ljava/lang/Runnable;)V+1
j  org.gradle.internal.concurrent.StoppableExecutorImpl$1.run()V+25
j  java.util.concurrent.ThreadPoolExecutor.runWorker(Ljava/util/concurrent/ThreadPoolExecutor$Worker;)V+95
j  java.util.concurrent.ThreadPoolExecutor$Worker.run()V+5
j  java.lang.Thread.run()V+11
v  ~StubRoutines::call_stub

---------------  P R O C E S S  ---------------

Java Threads: ( => current thread )
  0x000000005b328000 JavaThread "File lock request listener" [_thread_in_native, id=3760, stack(0x000000005c470000,0x000000005c570000)]
  0x000000005997e000 JavaThread "Stdin handler" [_thread_blocked, id=3772, stack(0x000000005adf0000,0x000000005aef0000)]
  0x0000000059990000 JavaThread "Asynchronous log dispatcher for org.gradle.launcher.daemon.server.DefaultDaemonConnection@322f6fab" [_thread_blocked, id=4660, stack(0x000000005a770000,0x000000005a870000)]
=>0x0000000059dc7000 JavaThread "Daemon worker" [_thread_in_vm, id=3560, stack(0x000000005a9f0000,0x000000005aaf0000)]
  0x0000000059874800 JavaThread "Cancel handler" [_thread_blocked, id=2584, stack(0x000000005a880000,0x000000005a980000)]
  0x00000000597aa800 JavaThread "Handler for socket connection from /127.0.0.1:57203 to /127.0.0.1:57204" [_thread_in_native, id=6100, stack(0x000000005a4c0000,0x000000005a5c0000)]
  0x00000000597a9800 JavaThread "Daemon" [_thread_blocked, id=5752, stack(0x000000005a620000,0x000000005a720000)]
  0x0000000059557000 JavaThread "Incoming local TCP Connector on port 57203" [_thread_in_native, id=2688, stack(0x0000000058d70000,0x0000000058e70000)]
  0x00000000595ae800 JavaThread "pool-1-thread-1" [_thread_blocked, id=6044, stack(0x000000005a160000,0x000000005a260000)]
  0x000000005791e000 JavaThread "Service Thread" daemon [_thread_blocked, id=4268, stack(0x0000000058420000,0x0000000058520000)]
  0x00000000564a5000 JavaThread "C1 CompilerThread2" daemon [_thread_blocked, id=5684, stack(0x0000000058320000,0x0000000058420000)]
  0x000000005789b800 JavaThread "C2 CompilerThread1" daemon [_thread_in_native, id=4932, stack(0x0000000058140000,0x0000000058240000)]
  0x0000000057896800 JavaThread "C2 CompilerThread0" daemon [_thread_in_native, id=5880, stack(0x0000000057cb0000,0x0000000057db0000)]
  0x0000000057892800 JavaThread "Attach Listener" daemon [_thread_blocked, id=5504, stack(0x0000000058020000,0x0000000058120000)]
  0x00000000564a4000 JavaThread "Signal Dispatcher" daemon [_thread_blocked, id=1684, stack(0x0000000057df0000,0x0000000057ef0000)]
  0x000000005648c800 JavaThread "Finalizer" daemon [_thread_blocked, id=5716, stack(0x0000000057790000,0x0000000057890000)]
  0x0000000056445800 JavaThread "Reference Handler" daemon [_thread_blocked, id=3992, stack(0x0000000057390000,0x0000000057490000)]
  0x000000000228d800 JavaThread "main" [_thread_blocked, id=5952, stack(0x0000000002550000,0x0000000002650000)]

Other Threads:
  0x000000005643a000 VMThread [stack: 0x0000000057580000,0x0000000057680000] [id=2748]
  0x000000005792c800 WatcherThread [stack: 0x0000000057ef0000,0x0000000057ff0000] [id=1852]

VM state:not at safepoint (normal execution)

VM Mutex/Monitor currently owned by a thread: None

Heap:
 PSYoungGen      total 173056K, used 104310K [0x00000000e0000000, 0x00000000eb900000, 0x0000000100000000)
  eden space 163328K, 58% used [0x00000000e0000000,0x00000000e5cc7cf8,0x00000000e9f80000)
  from space 9728K, 95% used [0x00000000eaf80000,0x00000000eb895d48,0x00000000eb900000)
  to   space 12288K, 0% used [0x00000000ea100000,0x00000000ea100000,0x00000000ead00000)
 ParOldGen       total 52224K, used 19272K [0x00000000a0000000, 0x00000000a3300000, 0x00000000e0000000)
  object space 52224K, 36% used [0x00000000a0000000,0x00000000a12d2048,0x00000000a3300000)
 Metaspace       used 46389K, capacity 47524K, committed 47616K, reserved 1089536K
  class space    used 6379K, capacity 6606K, committed 6656K, reserved 1048576K

Card table byte_map: [0x0000000011ce0000,0x0000000011ff0000] byte_map_base: 0x00000000117e0000

Marking Bits: (ParMarkBitMap*) 0x0000000064efb6d0
 Begin Bits: [0x00000000127b0000, 0x0000000013fb0000)
 End Bits:   [0x0000000013fb0000, 0x00000000157b0000)

Polling page: 0x0000000000230000

CodeCache: size=245760Kb used=19622Kb max_used=19622Kb free=226137Kb
 bounds [0x0000000002920000, 0x0000000003c60000, 0x0000000011920000]
 total_blobs=6404 nmethods=5701 adapters=614
 compilation: enabled

Compilation events (10 events):
Event: 12.083 Thread 0x00000000564a5000 5789       3       org.gradle.model.internal.registry.DefaultModelRegistry$TransitionNodeToState::getTargetState (8 bytes)
Event: 12.083 Thread 0x00000000564a5000 nmethod 5789 0x0000000003c52350 code [0x0000000003c524a0, 0x0000000003c525f0]
Event: 12.083 Thread 0x00000000564a5000 5790       3       java.util.ArrayDeque::removeFirst (19 bytes)
Event: 12.083 Thread 0x00000000564a5000 nmethod 5790 0x0000000003c52690 code [0x0000000003c52820, 0x0000000003c52ab8]
Event: 12.083 Thread 0x00000000564a5000 5791       1       org.gradle.model.internal.registry.DefaultModelRegistry$ModelGoal::isAchieved (2 bytes)
Event: 12.083 Thread 0x00000000564a5000 nmethod 5791 0x0000000003c52bd0 code [0x0000000003c52d20, 0x0000000003c52e30]
Event: 12.083 Thread 0x00000000564a5000 5792       1       org.gradle.model.internal.registry.DefaultModelRegistry::access$300 (5 bytes)
Event: 12.084 Thread 0x00000000564a5000 nmethod 5792 0x0000000003c52e90 code [0x0000000003c52fe0, 0x0000000003c530d0]
Event: 12.099 Thread 0x00000000564a5000 5793   !   3       java.util.concurrent.locks.AbstractQueuedSynchronizer::acquireQueued (93 bytes)
Event: 12.100 Thread 0x00000000564a5000 nmethod 5793 0x0000000003c53150 code [0x0000000003c53380, 0x0000000003c53e98]

GC Heap History (10 events):
Event: 5.407 GC heap before
{Heap before GC invocations=8 (full 1):
 PSYoungGen      total 73216K, used 65536K [0x00000000e0000000, 0x00000000e5000000, 0x0000000100000000)
  eden space 65536K, 100% used [0x00000000e0000000,0x00000000e4000000,0x00000000e4000000)
  from space 7680K, 0% used [0x00000000e4880000,0x00000000e4880000,0x00000000e5000000)
  to   space 8192K, 0% used [0x00000000e4000000,0x00000000e4000000,0x00000000e4800000)
 ParOldGen       total 34816K, used 8162K [0x00000000a0000000, 0x00000000a2200000, 0x00000000e0000000)
  object space 34816K, 23% used [0x00000000a0000000,0x00000000a07f8b18,0x00000000a2200000)
 Metaspace       used 25962K, capacity 26424K, committed 26624K, reserved 1073152K
  class space    used 3652K, capacity 3778K, committed 3840K, reserved 1048576K
Event: 5.654 GC heap after
Heap after GC invocations=8 (full 1):
 PSYoungGen      total 73728K, used 7383K [0x00000000e0000000, 0x00000000e8580000, 0x0000000100000000)
  eden space 65536K, 0% used [0x00000000e0000000,0x00000000e0000000,0x00000000e4000000)
  from space 8192K, 90% used [0x00000000e4000000,0x00000000e4735c68,0x00000000e4800000)
  to   space 9216K, 0% used [0x00000000e7c80000,0x00000000e7c80000,0x00000000e8580000)
 ParOldGen       total 34816K, used 8162K [0x00000000a0000000, 0x00000000a2200000, 0x00000000e0000000)
  object space 34816K, 23% used [0x00000000a0000000,0x00000000a07f8b18,0x00000000a2200000)
 Metaspace       used 25962K, capacity 26424K, committed 26624K, reserved 1073152K
  class space    used 3652K, capacity 3778K, committed 3840K, reserved 1048576K
}
Event: 6.687 GC heap before
{Heap before GC invocations=9 (full 1):
 PSYoungGen      total 73728K, used 72919K [0x00000000e0000000, 0x00000000e8580000, 0x0000000100000000)
  eden space 65536K, 100% used [0x00000000e0000000,0x00000000e4000000,0x00000000e4000000)
  from space 8192K, 90% used [0x00000000e4000000,0x00000000e4735c68,0x00000000e4800000)
  to   space 9216K, 0% used [0x00000000e7c80000,0x00000000e7c80000,0x00000000e8580000)
 ParOldGen       total 34816K, used 8162K [0x00000000a0000000, 0x00000000a2200000, 0x00000000e0000000)
  object space 34816K, 23% used [0x00000000a0000000,0x00000000a07f8b18,0x00000000a2200000)
 Metaspace       used 27968K, capacity 28432K, committed 28672K, reserved 1073152K
  class space    used 3895K, capacity 4038K, committed 4096K, reserved 1048576K
Event: 6.701 GC heap after
Heap after GC invocations=9 (full 1):
 PSYoungGen      total 122368K, used 5583K [0x00000000e0000000, 0x00000000e8300000, 0x0000000100000000)
  eden space 115712K, 0% used [0x00000000e0000000,0x00000000e0000000,0x00000000e7100000)
  from space 6656K, 83% used [0x00000000e7c80000,0x00000000e81f3c60,0x00000000e8300000)
  to   space 9216K, 0% used [0x00000000e7100000,0x00000000e7100000,0x00000000e7a00000)
 ParOldGen       total 34816K, used 8170K [0x00000000a0000000, 0x00000000a2200000, 0x00000000e0000000)
  object space 34816K, 23% used [0x00000000a0000000,0x00000000a07fab18,0x00000000a2200000)
 Metaspace       used 27968K, capacity 28432K, committed 28672K, reserved 1073152K
  class space    used 3895K, capacity 4038K, committed 4096K, reserved 1048576K
}
Event: 8.622 GC heap before
{Heap before GC invocations=10 (full 1):
 PSYoungGen      total 122368K, used 116271K [0x00000000e0000000, 0x00000000e8300000, 0x0000000100000000)
  eden space 115712K, 95% used [0x00000000e0000000,0x00000000e6c17ff0,0x00000000e7100000)
  from space 6656K, 83% used [0x00000000e7c80000,0x00000000e81f3c60,0x00000000e8300000)
  to   space 9216K, 0% used [0x00000000e7100000,0x00000000e7100000,0x00000000e7a00000)
 ParOldGen       total 34816K, used 8170K [0x00000000a0000000, 0x00000000a2200000, 0x00000000e0000000)
  object space 34816K, 23% used [0x00000000a0000000,0x00000000a07fab18,0x00000000a2200000)
 Metaspace       used 34563K, capacity 35176K, committed 35456K, reserved 1079296K
  class space    used 4740K, capacity 4945K, committed 4992K, reserved 1048576K
Event: 8.703 GC heap after
Heap after GC invocations=10 (full 1):
 PSYoungGen      total 124928K, used 9211K [0x00000000e0000000, 0x00000000ebb00000, 0x0000000100000000)
  eden space 115712K, 0% used [0x00000000e0000000,0x00000000e0000000,0x00000000e7100000)
  from space 9216K, 99% used [0x00000000e7100000,0x00000000e79fecd0,0x00000000e7a00000)
  to   space 11776K, 0% used [0x00000000eaf80000,0x00000000eaf80000,0x00000000ebb00000)
 ParOldGen       total 34816K, used 11645K [0x00000000a0000000, 0x00000000a2200000, 0x00000000e0000000)
  object space 34816K, 33% used [0x00000000a0000000,0x00000000a0b5f5a8,0x00000000a2200000)
 Metaspace       used 34563K, capacity 35176K, committed 35456K, reserved 1079296K
  class space    used 4740K, capacity 4945K, committed 4992K, reserved 1048576K
}
Event: 8.703 GC heap before
{Heap before GC invocations=11 (full 2):
 PSYoungGen      total 124928K, used 9211K [0x00000000e0000000, 0x00000000ebb00000, 0x0000000100000000)
  eden space 115712K, 0% used [0x00000000e0000000,0x00000000e0000000,0x00000000e7100000)
  from space 9216K, 99% used [0x00000000e7100000,0x00000000e79fecd0,0x00000000e7a00000)
  to   space 11776K, 0% used [0x00000000eaf80000,0x00000000eaf80000,0x00000000ebb00000)
 ParOldGen       total 34816K, used 11645K [0x00000000a0000000, 0x00000000a2200000, 0x00000000e0000000)
  object space 34816K, 33% used [0x00000000a0000000,0x00000000a0b5f5a8,0x00000000a2200000)
 Metaspace       used 34563K, capacity 35176K, committed 35456K, reserved 1079296K
  class space    used 4740K, capacity 4945K, committed 4992K, reserved 1048576K
Event: 8.811 GC heap after
Heap after GC invocations=11 (full 2):
 PSYoungGen      total 124928K, used 0K [0x00000000e0000000, 0x00000000ebb00000, 0x0000000100000000)
  eden space 115712K, 0% used [0x00000000e0000000,0x00000000e0000000,0x00000000e7100000)
  from space 9216K, 0% used [0x00000000e7100000,0x00000000e7100000,0x00000000e7a00000)
  to   space 11776K, 0% used [0x00000000eaf80000,0x00000000eaf80000,0x00000000ebb00000)
 ParOldGen       total 52224K, used 19200K [0x00000000a0000000, 0x00000000a3300000, 0x00000000e0000000)
  object space 52224K, 36% used [0x00000000a0000000,0x00000000a12c0038,0x00000000a3300000)
 Metaspace       used 34563K, capacity 35176K, committed 35456K, reserved 1079296K
  class space    used 4740K, capacity 4945K, committed 4992K, reserved 1048576K
}
Event: 10.476 GC heap before
{Heap before GC invocations=12 (full 2):
 PSYoungGen      total 124928K, used 115712K [0x00000000e0000000, 0x00000000ebb00000, 0x0000000100000000)
  eden space 115712K, 100% used [0x00000000e0000000,0x00000000e7100000,0x00000000e7100000)
  from space 9216K, 0% used [0x00000000e7100000,0x00000000e7100000,0x00000000e7a00000)
  to   space 11776K, 0% used [0x00000000eaf80000,0x00000000eaf80000,0x00000000ebb00000)
 ParOldGen       total 52224K, used 19200K [0x00000000a0000000, 0x00000000a3300000, 0x00000000e0000000)
  object space 52224K, 36% used [0x00000000a0000000,0x00000000a12c0038,0x00000000a3300000)
 Metaspace       used 41602K, capacity 42300K, committed 42752K, reserved 1085440K
  class space    used 5665K, capacity 5860K, committed 5888K, reserved 1048576K
Event: 10.493 GC heap after
Heap after GC invocations=12 (full 2):
 PSYoungGen      total 173056K, used 9303K [0x00000000e0000000, 0x00000000eb900000, 0x0000000100000000)
  eden space 163328K, 0% used [0x00000000e0000000,0x00000000e0000000,0x00000000e9f80000)
  from space 9728K, 95% used [0x00000000eaf80000,0x00000000eb895d48,0x00000000eb900000)
  to   space 12288K, 0% used [0x00000000ea100000,0x00000000ea100000,0x00000000ead00000)
 ParOldGen       total 52224K, used 19272K [0x00000000a0000000, 0x00000000a3300000, 0x00000000e0000000)
  object space 52224K, 36% used [0x00000000a0000000,0x00000000a12d2048,0x00000000a3300000)
 Metaspace       used 41602K, capacity 42300K, committed 42752K, reserved 1085440K
  class space    used 5665K, capacity 5860K, committed 5888K, reserved 1048576K
}

Deoptimization events (10 events):
Event: 11.916 Thread 0x0000000059dc7000 Uncommon trap: reason=unstable_if action=reinterpret pc=0x0000000002a22d0c method=java.util.LinkedHashMap.afterNodeInsertion(Z)V @ 18
Event: 11.962 Thread 0x0000000059dc7000 Uncommon trap: reason=class_check action=maybe_recompile pc=0x00000000037721e8 method=java.util.Hashtable.get(Ljava/lang/Object;)Ljava/lang/Object; @ 45
Event: 11.962 Thread 0x0000000059dc7000 Uncommon trap: reason=class_check action=maybe_recompile pc=0x0000000003691a20 method=java.util.Hashtable.put(Ljava/lang/Object;Ljava/lang/Object;)Ljava/lang/Object; @ 60
Event: 11.962 Thread 0x0000000059dc7000 Uncommon trap: reason=class_check action=maybe_recompile pc=0x00000000037721e8 method=java.util.Hashtable.get(Ljava/lang/Object;)Ljava/lang/Object; @ 45
Event: 11.962 Thread 0x0000000059dc7000 Uncommon trap: reason=class_check action=maybe_recompile pc=0x0000000003691a20 method=java.util.Hashtable.put(Ljava/lang/Object;Ljava/lang/Object;)Ljava/lang/Object; @ 60
Event: 11.979 Thread 0x0000000059dc7000 Uncommon trap: reason=class_check action=maybe_recompile pc=0x00000000037721e8 method=java.util.Hashtable.get(Ljava/lang/Object;)Ljava/lang/Object; @ 45
Event: 11.980 Thread 0x0000000059dc7000 Uncommon trap: reason=class_check action=maybe_recompile pc=0x00000000037721e8 method=java.util.Hashtable.get(Ljava/lang/Object;)Ljava/lang/Object; @ 45
Event: 11.986 Thread 0x0000000059dc7000 Uncommon trap: reason=unstable_if action=reinterpret pc=0x0000000002af1154 method=java.lang.String.replace(CC)Ljava/lang/String; @ 2
Event: 11.989 Thread 0x0000000059dc7000 Uncommon trap: reason=unstable_if action=reinterpret pc=0x0000000003bbeb54 method=groovy.lang.MetaClassImpl.checkIfStdMethod(Lgroovy/lang/MetaMethod;)V @ 79
Event: 11.989 Thread 0x0000000059dc7000 Uncommon trap: reason=bimorphic action=maybe_recompile pc=0x00000000030eb9a0 method=org.codehaus.groovy.runtime.metaclass.MetaMethodIndex.addMethodToList(Ljava/lang/Object;Lgroovy/lang/MetaMethod;)Ljava/lang/Object; @ 91

Internal exceptions (10 events):
Event: 11.992 Thread 0x0000000059dc7000 Exception <a 'java/lang/ClassNotFoundException': groovy/util/BuilderSupportBeanInfo> (0x00000000e55451c0) thrown at [C:\re\workspace\8-2-build-windows-amd64-cygwin\jdk8u121\8372\hotspot\src\share\vm\classfile\systemDictionary.cpp, line 210]
Event: 11.993 Thread 0x0000000059dc7000 Exception <a 'java/lang/ClassNotFoundException': groovy/util/BuilderSupportCustomizer> (0x00000000e5552318) thrown at [C:\re\workspace\8-2-build-windows-amd64-cygwin\jdk8u121\8372\hotspot\src\share\vm\classfile\systemDictionary.cpp, line 210]
Event: 11.993 Thread 0x0000000059dc7000 Exception <a 'java/lang/ClassNotFoundException': groovy/util/AntBuilderCustomizer> (0x00000000e5561680) thrown at [C:\re\workspace\8-2-build-windows-amd64-cygwin\jdk8u121\8372\hotspot\src\share\vm\classfile\systemDictionary.cpp, line 210]
Event: 11.994 Thread 0x0000000059dc7000 Exception <a 'java/lang/ClassNotFoundException': org/gradle/api/AntBuilderCustomizer> (0x00000000e5574628) thrown at [C:\re\workspace\8-2-build-windows-amd64-cygwin\jdk8u121\8372\hotspot\src\share\vm\classfile\systemDictionary.cpp, line 210]
Event: 11.995 Thread 0x0000000059dc7000 Exception <a 'java/lang/ClassNotFoundException': org/gradle/api/internal/project/ant/BasicAntBuilderCustomizer> (0x00000000e55928d8) thrown at [C:\re\workspace\8-2-build-windows-amd64-cygwin\jdk8u121\8372\hotspot\src\share\vm\classfile\systemDictionary.cp
Event: 11.996 Thread 0x0000000059dc7000 Exception <a 'java/lang/ClassNotFoundException': org/gradle/api/internal/project/DefaultAntBuilderCustomizer> (0x00000000e55b8a10) thrown at [C:\re\workspace\8-2-build-windows-amd64-cygwin\jdk8u121\8372\hotspot\src\share\vm\classfile\systemDictionary.cpp,
Event: 12.020 Thread 0x0000000059dc7000 Exception <a 'java/lang/ClassNotFoundException': com/android/build/gradle/internal/tasks/DeviceProviderInstrumentTestTask_DecoratedBeanInfo> (0x00000000e573a5b8) thrown at [C:\re\workspace\8-2-build-windows-amd64-cygwin\jdk8u121\8372\hotspot\src\share\vm\
Event: 12.020 Thread 0x0000000059dc7000 Exception <a 'java/lang/ClassNotFoundException': com/android/build/gradle/internal/tasks/DeviceProviderInstrumentTestTaskBeanInfo> (0x00000000e5750318) thrown at [C:\re\workspace\8-2-build-windows-amd64-cygwin\jdk8u121\8372\hotspot\src\share\vm\classfile\
Event: 12.021 Thread 0x0000000059dc7000 Exception <a 'java/lang/ClassNotFoundException': com/android/build/gradle/internal/tasks/DeviceProviderInstrumentTestTaskCustomizer> (0x00000000e57662b8) thrown at [C:\re\workspace\8-2-build-windows-amd64-cygwin\jdk8u121\8372\hotspot\src\share\vm\classfil
Event: 12.023 Thread 0x0000000059dc7000 Exception <a 'java/lang/ClassNotFoundException': com/android/build/gradle/internal/tasks/DeviceProviderInstrumentTestTask_DecoratedCustomizer> (0x00000000e57b04f0) thrown at [C:\re\workspace\8-2-build-windows-amd64-cygwin\jdk8u121\8372\hotspot\src\share\v

Events (10 events):
Event: 12.087 loading class org/gradle/platform/base/component/internal/AbstractComponentSpec
Event: 12.087 loading class org/gradle/platform/base/component/internal/AbstractComponentSpec done
Event: 12.087 loading class org/gradle/platform/base/internal/ComponentSpecInternal
Event: 12.087 loading class org/gradle/platform/base/internal/ComponentSpecInternal done
Event: 12.088 loading class org/gradle/platform/base/component/internal/ComponentSpecFactory$1
Event: 12.088 loading class org/gradle/platform/base/component/internal/ComponentSpecFactory$1 done
Event: 12.088 loading class org/gradle/platform/base/binary/BaseBinarySpec
Event: 12.088 loading class org/gradle/platform/base/binary/BaseBinarySpec done
Event: 12.089 loading class org/gradle/api/internal/AbstractBuildableComponentSpec
Event: 12.089 loading class org/gradle/api/internal/AbstractBuildableComponentSpec done


Dynamic libraries:
0x000000013f640000 - 0x000000013f677000 	C:\Program Files\Java\jdk1.8.0_121\bin\java.exe
0x0000000076f90000 - 0x0000000077139000 	C:\Windows\SYSTEM32\ntdll.dll
0x0000000076e70000 - 0x0000000076f8f000 	C:\Windows\system32\kernel32.dll
0x000007fefd180000 - 0x000007fefd1eb000 	C:\Windows\system32\KERNELBASE.dll
0x000007fefd4d0000 - 0x000007fefd5ab000 	C:\Windows\system32\ADVAPI32.dll
0x000007fefef30000 - 0x000007fefefcf000 	C:\Windows\system32\msvcrt.dll
0x000007fefd4b0000 - 0x000007fefd4cf000 	C:\Windows\SYSTEM32\sechost.dll
0x000007fefebf0000 - 0x000007fefed1d000 	C:\Windows\system32\RPCRT4.dll
0x0000000076d70000 - 0x0000000076e6a000 	C:\Windows\system32\USER32.dll
0x000007fefd5b0000 - 0x000007fefd617000 	C:\Windows\system32\GDI32.dll
0x000007feff150000 - 0x000007feff15e000 	C:\Windows\system32\LPK.dll
0x000007fefeb20000 - 0x000007fefebe9000 	C:\Windows\system32\USP10.dll
0x000007fefb360000 - 0x000007fefb554000 	C:\Windows\WinSxS\amd64_microsoft.windows.common-controls_6595b64144ccf1df_6.0.7601.17514_none_fa396087175ac9ac\COMCTL32.dll
0x000007fefd3e0000 - 0x000007fefd451000 	C:\Windows\system32\SHLWAPI.dll
0x000007fefeea0000 - 0x000007fefeece000 	C:\Windows\system32\IMM32.DLL
0x000007fefd2b0000 - 0x000007fefd3b9000 	C:\Windows\system32\MSCTF.dll
0x000000006a840000 - 0x000000006a912000 	C:\Program Files\Java\jdk1.8.0_121\jre\bin\msvcr100.dll
0x00000000646e0000 - 0x0000000064f7b000 	C:\Program Files\Java\jdk1.8.0_121\jre\bin\server\jvm.dll
0x000007fee9f60000 - 0x000007fee9f69000 	C:\Windows\system32\WSOCK32.dll
0x000007fefd460000 - 0x000007fefd4ad000 	C:\Windows\system32\WS2_32.dll
0x000007feff290000 - 0x000007feff298000 	C:\Windows\system32\NSI.dll
0x000007fef8ff0000 - 0x000007fef902b000 	C:\Windows\system32\WINMM.dll
0x000007fefc0a0000 - 0x000007fefc0ac000 	C:\Windows\system32\VERSION.dll
0x0000000077160000 - 0x0000000077167000 	C:\Windows\system32\PSAPI.DLL
0x00000000737e0000 - 0x00000000737ef000 	C:\Program Files\Java\jdk1.8.0_121\jre\bin\verify.dll
0x0000000073190000 - 0x00000000731b9000 	C:\Program Files\Java\jdk1.8.0_121\jre\bin\java.dll
0x0000000073760000 - 0x0000000073776000 	C:\Program Files\Java\jdk1.8.0_121\jre\bin\zip.dll
0x000007fefdd90000 - 0x000007fefeb18000 	C:\Windows\system32\SHELL32.dll
0x000007fefdb80000 - 0x000007fefdd83000 	C:\Windows\system32\ole32.dll
0x000007fefcee0000 - 0x000007fefceef000 	C:\Windows\system32\profapi.dll
0x0000000073790000 - 0x00000000737aa000 	C:\Program Files\Java\jdk1.8.0_121\jre\bin\net.dll
0x000007fefc750000 - 0x000007fefc7a5000 	C:\Windows\system32\mswsock.dll
0x000007fefc740000 - 0x000007fefc747000 	C:\Windows\System32\wship6.dll
0x0000000073740000 - 0x0000000073751000 	C:\Program Files\Java\jdk1.8.0_121\jre\bin\nio.dll
0x000007fee7b70000 - 0x000007fee7b82000 	C:\Users\welcome\.gradle\native\19\windows-amd64\native-platform.dll
0x000007fefc7b0000 - 0x000007fefc7c7000 	C:\Windows\system32\CRYPTSP.dll
0x000007fefc470000 - 0x000007fefc4b7000 	C:\Windows\system32\rsaenh.dll
0x000007fefc2f0000 - 0x000007fefc30e000 	C:\Windows\system32\USERENV.dll
0x000007fefce10000 - 0x000007fefce1f000 	C:\Windows\system32\CRYPTBASE.dll
0x000007fefc070000 - 0x000007fefc097000 	C:\Windows\system32\IPHLPAPI.DLL
0x000007fefc060000 - 0x000007fefc06b000 	C:\Windows\system32\WINNSI.DLL
0x000007fefbff0000 - 0x000007fefc008000 	C:\Windows\system32\dhcpcsvc.DLL
0x000007fefa260000 - 0x000007fefa271000 	C:\Windows\system32\dhcpcsvc6.DLL
0x00000000737d0000 - 0x00000000737dd000 	C:\Program Files\Java\jdk1.8.0_121\jre\bin\management.dll
0x000007fefcdb0000 - 0x000007fefce07000 	C:\Windows\system32\apphelp.dll
0x000007fef7330000 - 0x000007fef7455000 	C:\Windows\system32\dbghelp.dll

VM Arguments:
jvm_args: -Xmx1536m -Dfile.encoding=windows-1252 -Duser.country=US -Duser.language=en -Duser.variant 
java_command: org.gradle.launcher.daemon.bootstrap.GradleDaemon 2.14.1
java_class_path (initial): C:\Program Files\Android\Android Studio\gradle\gradle-2.14.1\lib\gradle-launcher-2.14.1.jar
Launcher Type: SUN_STANDARD

Environment Variables:
PATH=C:\ProgramData\Oracle\Java\javapath;C:\Windows\system32;C:\Windows;C:\Windows\System32\Wbem;C:\Windows\System32\WindowsPowerShell\v1.0\;C:\Program Files\Git\cmd;C:\Program Files\Java\jdk1.8.0_121\bin
USERNAME=welcome
OS=Windows_NT
PROCESSOR_IDENTIFIER=Intel64 Family 6 Model 58 Stepping 9, GenuineIntel



---------------  S Y S T E M  ---------------

OS: Windows 7 , 64 bit Build 7601 (6.1.7601.17514)

CPU:total 4 (2 cores per cpu, 2 threads per core) family 6 model 58 stepping 9, cmov, cx8, fxsr, mmx, sse, sse2, sse3, ssse3, sse4.1, sse4.2, popcnt, avx, clmul, erms, ht, tsc, tscinvbit, tscinv

Memory: 4k page, physical 4083996k(930184k free), swap 8166148k(3953996k free)

vm_info: Java HotSpot(TM) 64-Bit Server VM (25.121-b13) for windows-amd64 JRE (1.8.0_121-b13), built on Dec 12 2016 18:21:36 by "java_re" with MS VC++ 10.0 (VS2010)

time: Sun Feb 19 20:03:22 2017
elapsed time: 12 seconds (0d 0h 0m 12s)

